INFO:root: Launh the Chrome browser2018-10-31 15:58:44.739943
INFO:root: navigate to network env2018-10-31 15:58:46.873892
INFO:root:Enter the valid username and valid password2018-10-31 15:58:59.092263
INFO:root: Launh the Chrome browser  2018-11-20 12:54:10.943281
INFO:root: navigate to network env  2018-11-20 12:54:13.064236
INFO:root:Enter the valid username and valid passwor d2018-11-20 12:54:28.348841
INFO:root: Launh the Chrome browser  2018-11-20 13:36:09.632351
INFO:root: navigate to network env  2018-11-20 13:36:11.756126
INFO:root:Enter the valid username and valid passwor d2018-11-20 13:36:19.666980
INFO:root: Launh the Chrome browser  2018-11-20 13:45:27.508522
INFO:root: navigate to network env  2018-11-20 13:45:29.630731
INFO:root:Enter the valid username and valid passwor d2018-11-20 13:45:37.627825
INFO:root: Launh the Chrome browser  2018-11-20 14:02:17.060738
INFO:root: navigate to network env  2018-11-20 14:02:19.201080
INFO:root:Enter the valid username and valid passwor d2018-11-20 14:02:28.569012
INFO:root: Launh the Chrome browser  2018-11-20 14:04:08.056498
INFO:root: navigate to network env  2018-11-20 14:04:10.177167
INFO:root:Enter the valid username and valid passwor d2018-11-20 14:04:18.878381
INFO:root: Launh the Chrome browser  2018-11-20 14:43:14.319916
INFO:root: navigate to network env  2018-11-20 14:43:16.443796
INFO:root:Enter the valid username and valid passwor d2018-11-20 14:43:27.143940
INFO:root: Launh the Chrome browser  2018-11-20 16:38:39.047990
INFO:root: navigate to network env  2018-11-20 16:38:41.169003
INFO:root:Enter the valid username and valid passwor d2018-11-20 16:38:49.976064
INFO:root: Launh the Chrome browser  2018-11-21 14:30:42.688432
INFO:root: navigate to network env  2018-11-21 14:30:44.811319
INFO:root:Enter the valid username and valid passwor d2018-11-21 14:30:54.020288
INFO:root: Launh the Chrome browser  2018-11-26 13:17:23.027340
INFO:root: navigate to network env  2018-11-26 13:17:25.167711
INFO:root:Enter the valid username and valid passwor d2018-11-26 13:17:36.153361
INFO:root: Launh the Chrome browser  2018-11-26 13:32:48.399931
INFO:root: navigate to network env  2018-11-26 13:32:50.520625
INFO:root:Enter the valid username and valid passwor d2018-11-26 13:33:05.996047
INFO:root: Launh the Chrome browser  2018-11-27 10:00:41.369669
INFO:root: navigate to network env  2018-11-27 10:00:43.522684
INFO:root:Enter the valid username and valid passwor d2018-11-27 10:00:51.418636
INFO:root: Launh the Chrome browser  2018-11-27 11:13:01.157999
INFO:root: navigate to network env  2018-11-27 11:13:03.277683
INFO:root:Enter the valid username and valid passwor d2018-11-27 11:13:12.579684
INFO:root: Launh the Chrome browser  2018-11-27 11:36:51.314106
INFO:root: navigate to network env  2018-11-27 11:36:53.438244
INFO:root:Enter the valid username and valid passwor d2018-11-27 11:37:02.455706
